
pause for 5 secs to coalesce ...

python3.13 perfects.py -n 1_000_000 -w 10
2024-10-24 08:17:28,727 - perfects - <module> - INFO - [6, 28, 496, 8128] are perfect numbers in 0:00:04.192254

pause for 5 secs to coalesce ...

python3.13 perfects.py -n 1_000_000 -w 10 -v
2024-10-24 08:17:33,776 - perfects - log_exec_ctx - DEBUG - sys.version='3.13.0 (main, Oct  8 2024, 00:00:00) [GCC 14.2.1 20240912 (Red Hat 14.2.1-3)]'
2024-10-24 08:17:33,776 - perfects - log_gil_availability - DEBUG - GIL is active
2024-10-24 08:17:33,777 - perfects - log_exec_ctx - DEBUG - AppContext(mode=<ExecutionMode.Processes: 'processes'>, max_n=1000000, num_workers=10, verbose=True)
2024-10-24 08:17:33,777 - perfects - <module> - DEBUG - starting ...
2024-10-24 08:17:33,838 - perfects - find_perfect_numbers_range - DEBUG - Worker-0 processing (1, 100_002)
2024-10-24 08:17:33,842 - perfects - find_perfect_numbers_range - DEBUG - Worker-1 processing (100_003, 200_004)
2024-10-24 08:17:33,852 - perfects - find_perfect_numbers_range - DEBUG - Worker-2 processing (200_005, 300_006)
2024-10-24 08:17:33,852 - perfects - find_perfect_numbers_range - DEBUG - Worker-3 processing (300_007, 400_008)
2024-10-24 08:17:33,853 - perfects - find_perfect_numbers_range - DEBUG - Worker-4 processing (400_009, 500_010)
2024-10-24 08:17:33,853 - perfects - find_perfect_numbers_range - DEBUG - Worker-5 processing (500_011, 600_012)
2024-10-24 08:17:33,854 - perfects - find_perfect_numbers_range - DEBUG - Worker-6 processing (600_013, 700_014)
2024-10-24 08:17:33,854 - perfects - find_perfect_numbers_range - DEBUG - Worker-7 processing (700_015, 800_016)
2024-10-24 08:17:33,854 - perfects - find_perfect_numbers_range - DEBUG - Worker-8 processing (800_017, 900_018)
2024-10-24 08:17:33,854 - perfects - find_perfect_numbers_range - DEBUG - Worker-9 processing (900_019, 1_000_000)
2024-10-24 08:17:34,498 - perfects - find_perfect_numbers - DEBUG - Adding result from Worker-0
2024-10-24 08:17:35,249 - perfects - find_perfect_numbers - DEBUG - Skipping empty result from Worker-1
2024-10-24 08:17:35,771 - perfects - find_perfect_numbers - DEBUG - Skipping empty result from Worker-2
2024-10-24 08:17:36,454 - perfects - find_perfect_numbers - DEBUG - Skipping empty result from Worker-6
2024-10-24 08:17:36,517 - perfects - find_perfect_numbers - DEBUG - Skipping empty result from Worker-3
2024-10-24 08:17:37,008 - perfects - find_perfect_numbers - DEBUG - Skipping empty result from Worker-4
2024-10-24 08:17:37,028 - perfects - find_perfect_numbers - DEBUG - Skipping empty result from Worker-7
2024-10-24 08:17:37,258 - perfects - find_perfect_numbers - DEBUG - Skipping empty result from Worker-5
2024-10-24 08:17:37,591 - perfects - find_perfect_numbers - DEBUG - Skipping empty result from Worker-9
2024-10-24 08:17:37,964 - perfects - find_perfect_numbers - DEBUG - Skipping empty result from Worker-8
2024-10-24 08:17:37,992 - perfects - <module> - INFO - [6, 28, 496, 8128] are perfect numbers in 0:00:04.215628
2024-10-24 08:17:37,992 - perfects - <module> - DEBUG - done.

pause for 5 secs to coalesce ...

python3.13 perfects.py -n 1_000_000 -w 10 -p
2024-10-24 08:17:47,230 - perfects - <module> - INFO - [6, 28, 496, 8128] are perfect numbers in 0:00:04.196177

pause for 5 secs to coalesce ...

python3.13 perfects.py -n 1_000_000 -w 10 -v -p
2024-10-24 08:17:52,275 - perfects - log_exec_ctx - DEBUG - sys.version='3.13.0 (main, Oct  8 2024, 00:00:00) [GCC 14.2.1 20240912 (Red Hat 14.2.1-3)]'
2024-10-24 08:17:52,275 - perfects - log_gil_availability - DEBUG - GIL is active
2024-10-24 08:17:52,275 - perfects - log_exec_ctx - DEBUG - AppContext(mode=<ExecutionMode.Processes: 'processes'>, max_n=1000000, num_workers=10, verbose=True)
2024-10-24 08:17:52,275 - perfects - <module> - DEBUG - starting ...
2024-10-24 08:17:52,334 - perfects - find_perfect_numbers_range - DEBUG - Worker-0 processing (1, 100_002)
2024-10-24 08:17:52,345 - perfects - find_perfect_numbers_range - DEBUG - Worker-1 processing (100_003, 200_004)
2024-10-24 08:17:52,356 - perfects - find_perfect_numbers_range - DEBUG - Worker-2 processing (200_005, 300_006)
2024-10-24 08:17:52,356 - perfects - find_perfect_numbers_range - DEBUG - Worker-3 processing (300_007, 400_008)
2024-10-24 08:17:52,356 - perfects - find_perfect_numbers_range - DEBUG - Worker-4 processing (400_009, 500_010)
2024-10-24 08:17:52,356 - perfects - find_perfect_numbers_range - DEBUG - Worker-5 processing (500_011, 600_012)
2024-10-24 08:17:52,357 - perfects - find_perfect_numbers_range - DEBUG - Worker-6 processing (600_013, 700_014)
2024-10-24 08:17:52,357 - perfects - find_perfect_numbers_range - DEBUG - Worker-7 processing (700_015, 800_016)
2024-10-24 08:17:52,357 - perfects - find_perfect_numbers_range - DEBUG - Worker-8 processing (800_017, 900_018)
2024-10-24 08:17:52,359 - perfects - find_perfect_numbers_range - DEBUG - Worker-9 processing (900_019, 1_000_000)
2024-10-24 08:17:53,022 - perfects - find_perfect_numbers - DEBUG - Adding result from Worker-0
2024-10-24 08:17:53,839 - perfects - find_perfect_numbers - DEBUG - Skipping empty result from Worker-1
2024-10-24 08:17:54,447 - perfects - find_perfect_numbers - DEBUG - Skipping empty result from Worker-2
2024-10-24 08:17:54,990 - perfects - find_perfect_numbers - DEBUG - Skipping empty result from Worker-6
2024-10-24 08:17:55,015 - perfects - find_perfect_numbers - DEBUG - Skipping empty result from Worker-5
2024-10-24 08:17:55,200 - perfects - find_perfect_numbers - DEBUG - Skipping empty result from Worker-3
2024-10-24 08:17:55,379 - perfects - find_perfect_numbers - DEBUG - Skipping empty result from Worker-4
2024-10-24 08:17:55,828 - perfects - find_perfect_numbers - DEBUG - Skipping empty result from Worker-7
2024-10-24 08:17:56,408 - perfects - find_perfect_numbers - DEBUG - Skipping empty result from Worker-8
2024-10-24 08:17:56,487 - perfects - find_perfect_numbers - DEBUG - Skipping empty result from Worker-9
2024-10-24 08:17:56,518 - perfects - <module> - INFO - [6, 28, 496, 8128] are perfect numbers in 0:00:04.243090
2024-10-24 08:17:56,518 - perfects - <module> - DEBUG - done.

pause for 5 secs to coalesce ...

python3.13 perfects.py -n 1_000_000 -w 10 -s
2024-10-24 08:18:20,977 - perfects - <module> - INFO - [6, 28, 496, 8128] are perfect numbers in 0:00:19.412308

pause for 5 secs to coalesce ...

python3.13 perfects.py -n 1_000_000 -w 10 -v -s
2024-10-24 08:18:26,023 - perfects - log_exec_ctx - DEBUG - sys.version='3.13.0 (main, Oct  8 2024, 00:00:00) [GCC 14.2.1 20240912 (Red Hat 14.2.1-3)]'
2024-10-24 08:18:26,023 - perfects - log_gil_availability - DEBUG - GIL is active
2024-10-24 08:18:26,023 - perfects - log_exec_ctx - DEBUG - AppContext(mode=<ExecutionMode.Single: 'single'>, max_n=1000000, num_workers=10, verbose=True)
2024-10-24 08:18:26,023 - perfects - <module> - DEBUG - starting ...
2024-10-24 08:18:26,023 - perfects - find_perfect_numbers_range - DEBUG -  processing (1, 1_000_000)
2024-10-24 08:18:45,429 - perfects - <module> - INFO - [6, 28, 496, 8128] are perfect numbers in 0:00:19.406344
2024-10-24 08:18:45,429 - perfects - <module> - DEBUG - done.

pause for 5 secs to coalesce ...

python3.13 perfects.py -n 1_000_000 -w 10 -t
2024-10-24 08:19:10,632 - perfects - <module> - INFO - [6, 28, 496, 8128] are perfect numbers in 0:00:20.159437

pause for 5 secs to coalesce ...

python3.13 perfects.py -n 1_000_000 -w 10 -v -t
2024-10-24 08:19:15,675 - perfects - log_exec_ctx - DEBUG - sys.version='3.13.0 (main, Oct  8 2024, 00:00:00) [GCC 14.2.1 20240912 (Red Hat 14.2.1-3)]'
2024-10-24 08:19:15,675 - perfects - log_gil_availability - DEBUG - GIL is active
2024-10-24 08:19:15,675 - perfects - log_exec_ctx - DEBUG - AppContext(mode=<ExecutionMode.Threads: 'threads'>, max_n=1000000, num_workers=10, verbose=True)
2024-10-24 08:19:15,675 - perfects - <module> - DEBUG - starting ...
2024-10-24 08:19:15,676 - perfects - find_perfect_numbers_range - DEBUG - Thread-0 processing (1, 100_002)
2024-10-24 08:19:15,681 - perfects - find_perfect_numbers_range - DEBUG - Thread-1 processing (100_003, 200_004)
2024-10-24 08:19:15,733 - perfects - find_perfect_numbers_range - DEBUG - Thread-2 processing (200_005, 300_006)
2024-10-24 08:19:15,755 - perfects - find_perfect_numbers_range - DEBUG - Thread-3 processing (300_007, 400_008)
2024-10-24 08:19:15,765 - perfects - find_perfect_numbers_range - DEBUG - Thread-4 processing (400_009, 500_010)
2024-10-24 08:19:15,832 - perfects - find_perfect_numbers_range - DEBUG - Thread-5 processing (500_011, 600_012)
2024-10-24 08:19:16,017 - perfects - find_perfect_numbers_range - DEBUG - Thread-6 processing (600_013, 700_014)
2024-10-24 08:19:16,022 - perfects - find_perfect_numbers_range - DEBUG - Thread-7 processing (700_015, 800_016)
2024-10-24 08:19:16,033 - perfects - find_perfect_numbers_range - DEBUG - Thread-8 processing (800_017, 900_018)
2024-10-24 08:19:16,043 - perfects - find_perfect_numbers_range - DEBUG - Thread-9 processing (900_019, 1_000_000)
2024-10-24 08:19:23,040 - perfects - find_perfect_numbers - DEBUG - Adding result from Thread-0
2024-10-24 08:19:25,567 - perfects - find_perfect_numbers - DEBUG - Skipping empty result from Thread-1
2024-10-24 08:19:27,706 - perfects - find_perfect_numbers - DEBUG - Skipping empty result from Thread-2
2024-10-24 08:19:30,914 - perfects - find_perfect_numbers - DEBUG - Skipping empty result from Thread-4
2024-10-24 08:19:31,171 - perfects - find_perfect_numbers - DEBUG - Skipping empty result from Thread-3
2024-10-24 08:19:32,944 - perfects - find_perfect_numbers - DEBUG - Skipping empty result from Thread-5
2024-10-24 08:19:33,670 - perfects - find_perfect_numbers - DEBUG - Skipping empty result from Thread-8
2024-10-24 08:19:35,228 - perfects - find_perfect_numbers - DEBUG - Skipping empty result from Thread-7
2024-10-24 08:19:35,665 - perfects - find_perfect_numbers - DEBUG - Skipping empty result from Thread-6
2024-10-24 08:19:36,016 - perfects - find_perfect_numbers - DEBUG - Skipping empty result from Thread-9
2024-10-24 08:19:36,017 - perfects - <module> - INFO - [6, 28, 496, 8128] are perfect numbers in 0:00:20.342431
2024-10-24 08:19:36,017 - perfects - <module> - DEBUG - done.

pause for 5 secs to coalesce ...

python3.13t perfects.py -n 1_000_000 -w 10
2024-10-24 08:19:45,928 - perfects - <module> - INFO - [6, 28, 496, 8128] are perfect numbers in 0:00:04.841594

pause for 5 secs to coalesce ...

python3.13t perfects.py -n 1_000_000 -w 10 -v
2024-10-24 08:19:50,990 - perfects - log_exec_ctx - DEBUG - sys.version='3.13.0 experimental free-threading build (main, Oct  8 2024, 00:00:00) [GCC 14.2.1 20240912 (Red Hat 14.2.1-3)]'
2024-10-24 08:19:50,990 - perfects - log_gil_availability - DEBUG - GIL is disabled
2024-10-24 08:19:50,990 - perfects - log_exec_ctx - DEBUG - AppContext(mode=<ExecutionMode.Threads: 'threads'>, max_n=1000000, num_workers=10, verbose=True)
2024-10-24 08:19:50,990 - perfects - <module> - DEBUG - starting ...
2024-10-24 08:19:50,992 - perfects - find_perfect_numbers_range - DEBUG - Thread-0 processing (1, 100_002)
2024-10-24 08:19:50,992 - perfects - find_perfect_numbers_range - DEBUG - Thread-1 processing (100_003, 200_004)
2024-10-24 08:19:50,992 - perfects - find_perfect_numbers_range - DEBUG - Thread-2 processing (200_005, 300_006)
2024-10-24 08:19:50,993 - perfects - find_perfect_numbers_range - DEBUG - Thread-3 processing (300_007, 400_008)
2024-10-24 08:19:50,993 - perfects - find_perfect_numbers_range - DEBUG - Thread-4 processing (400_009, 500_010)
2024-10-24 08:19:50,993 - perfects - find_perfect_numbers_range - DEBUG - Thread-5 processing (500_011, 600_012)
2024-10-24 08:19:50,993 - perfects - find_perfect_numbers_range - DEBUG - Thread-6 processing (600_013, 700_014)
2024-10-24 08:19:50,993 - perfects - find_perfect_numbers_range - DEBUG - Thread-7 processing (700_015, 800_016)
2024-10-24 08:19:50,994 - perfects - find_perfect_numbers_range - DEBUG - Thread-8 processing (800_017, 900_018)
2024-10-24 08:19:50,994 - perfects - find_perfect_numbers_range - DEBUG - Thread-9 processing (900_019, 1_000_000)
2024-10-24 08:19:52,438 - perfects - find_perfect_numbers - DEBUG - Adding result from Thread-0
2024-10-24 08:19:53,400 - perfects - find_perfect_numbers - DEBUG - Skipping empty result from Thread-1
2024-10-24 08:19:53,818 - perfects - find_perfect_numbers - DEBUG - Skipping empty result from Thread-4
2024-10-24 08:19:54,021 - perfects - find_perfect_numbers - DEBUG - Skipping empty result from Thread-2
2024-10-24 08:19:54,677 - perfects - find_perfect_numbers - DEBUG - Skipping empty result from Thread-3
2024-10-24 08:19:55,074 - perfects - find_perfect_numbers - DEBUG - Skipping empty result from Thread-6
2024-10-24 08:19:55,316 - perfects - find_perfect_numbers - DEBUG - Skipping empty result from Thread-5
2024-10-24 08:19:55,381 - perfects - find_perfect_numbers - DEBUG - Skipping empty result from Thread-9
2024-10-24 08:19:55,818 - perfects - find_perfect_numbers - DEBUG - Skipping empty result from Thread-7
2024-10-24 08:19:56,197 - perfects - find_perfect_numbers - DEBUG - Skipping empty result from Thread-8
2024-10-24 08:19:56,198 - perfects - <module> - INFO - [6, 28, 496, 8128] are perfect numbers in 0:00:05.208515
2024-10-24 08:19:56,198 - perfects - <module> - DEBUG - done.

pause for 5 secs to coalesce ...

python3.13t perfects.py -n 1_000_000 -w 10 -p
2024-10-24 08:20:06,560 - perfects - <module> - INFO - [6, 28, 496, 8128] are perfect numbers in 0:00:05.306935

pause for 5 secs to coalesce ...

python3.13t perfects.py -n 1_000_000 -w 10 -v -p
2024-10-24 08:20:11,619 - perfects - log_exec_ctx - DEBUG - sys.version='3.13.0 experimental free-threading build (main, Oct  8 2024, 00:00:00) [GCC 14.2.1 20240912 (Red Hat 14.2.1-3)]'
2024-10-24 08:20:11,619 - perfects - log_gil_availability - DEBUG - GIL is disabled
2024-10-24 08:20:11,619 - perfects - log_exec_ctx - DEBUG - AppContext(mode=<ExecutionMode.Processes: 'processes'>, max_n=1000000, num_workers=10, verbose=True)
2024-10-24 08:20:11,619 - perfects - <module> - DEBUG - starting ...
2024-10-24 08:20:11,703 - perfects - find_perfect_numbers_range - DEBUG - Worker-0 processing (1, 100_002)
2024-10-24 08:20:11,707 - perfects - find_perfect_numbers_range - DEBUG - Worker-1 processing (100_003, 200_004)
2024-10-24 08:20:11,729 - perfects - find_perfect_numbers_range - DEBUG - Worker-2 processing (200_005, 300_006)
2024-10-24 08:20:11,730 - perfects - find_perfect_numbers_range - DEBUG - Worker-3 processing (300_007, 400_008)
2024-10-24 08:20:11,732 - perfects - find_perfect_numbers_range - DEBUG - Worker-4 processing (400_009, 500_010)
2024-10-24 08:20:11,732 - perfects - find_perfect_numbers_range - DEBUG - Worker-5 processing (500_011, 600_012)
2024-10-24 08:20:11,732 - perfects - find_perfect_numbers_range - DEBUG - Worker-6 processing (600_013, 700_014)
2024-10-24 08:20:11,732 - perfects - find_perfect_numbers_range - DEBUG - Worker-7 processing (700_015, 800_016)
2024-10-24 08:20:11,741 - perfects - find_perfect_numbers_range - DEBUG - Worker-8 processing (800_017, 900_018)
2024-10-24 08:20:11,749 - perfects - find_perfect_numbers_range - DEBUG - Worker-9 processing (900_019, 1_000_000)
2024-10-24 08:20:12,650 - perfects - find_perfect_numbers - DEBUG - Adding result from Worker-0
2024-10-24 08:20:13,739 - perfects - find_perfect_numbers - DEBUG - Skipping empty result from Worker-1
2024-10-24 08:20:15,117 - perfects - find_perfect_numbers - DEBUG - Skipping empty result from Worker-3
2024-10-24 08:20:15,289 - perfects - find_perfect_numbers - DEBUG - Skipping empty result from Worker-2
2024-10-24 08:20:15,691 - perfects - find_perfect_numbers - DEBUG - Skipping empty result from Worker-5
2024-10-24 08:20:15,798 - perfects - find_perfect_numbers - DEBUG - Skipping empty result from Worker-4
2024-10-24 08:20:16,599 - perfects - find_perfect_numbers - DEBUG - Skipping empty result from Worker-8
2024-10-24 08:20:16,743 - perfects - find_perfect_numbers - DEBUG - Skipping empty result from Worker-6
2024-10-24 08:20:17,016 - perfects - find_perfect_numbers - DEBUG - Skipping empty result from Worker-7
2024-10-24 08:20:17,530 - perfects - find_perfect_numbers - DEBUG - Skipping empty result from Worker-9
2024-10-24 08:20:17,572 - perfects - <module> - INFO - [6, 28, 496, 8128] are perfect numbers in 0:00:05.952637
2024-10-24 08:20:17,572 - perfects - <module> - DEBUG - done.

pause for 5 secs to coalesce ...

python3.13t perfects.py -n 1_000_000 -w 10 -s
2024-10-24 08:20:47,999 - perfects - <module> - INFO - [6, 28, 496, 8128] are perfect numbers in 0:00:25.363863

pause for 5 secs to coalesce ...

python3.13t perfects.py -n 1_000_000 -w 10 -v -s
2024-10-24 08:20:53,057 - perfects - log_exec_ctx - DEBUG - sys.version='3.13.0 experimental free-threading build (main, Oct  8 2024, 00:00:00) [GCC 14.2.1 20240912 (Red Hat 14.2.1-3)]'
2024-10-24 08:20:53,057 - perfects - log_gil_availability - DEBUG - GIL is disabled
2024-10-24 08:20:53,057 - perfects - log_exec_ctx - DEBUG - AppContext(mode=<ExecutionMode.Single: 'single'>, max_n=1000000, num_workers=10, verbose=True)
2024-10-24 08:20:53,057 - perfects - <module> - DEBUG - starting ...
2024-10-24 08:20:53,057 - perfects - find_perfect_numbers_range - DEBUG -  processing (1, 1_000_000)
2024-10-24 08:21:19,102 - perfects - <module> - INFO - [6, 28, 496, 8128] are perfect numbers in 0:00:26.044659
2024-10-24 08:21:19,102 - perfects - <module> - DEBUG - done.

pause for 5 secs to coalesce ...

python3.13t perfects.py -n 1_000_000 -w 10 -t
2024-10-24 08:21:29,295 - perfects - <module> - INFO - [6, 28, 496, 8128] are perfect numbers in 0:00:05.137568

pause for 5 secs to coalesce ...

python3.13t perfects.py -n 1_000_000 -w 10 -v -t
2024-10-24 08:21:34,359 - perfects - log_exec_ctx - DEBUG - sys.version='3.13.0 experimental free-threading build (main, Oct  8 2024, 00:00:00) [GCC 14.2.1 20240912 (Red Hat 14.2.1-3)]'
2024-10-24 08:21:34,359 - perfects - log_gil_availability - DEBUG - GIL is disabled
2024-10-24 08:21:34,359 - perfects - log_exec_ctx - DEBUG - AppContext(mode=<ExecutionMode.Threads: 'threads'>, max_n=1000000, num_workers=10, verbose=True)
2024-10-24 08:21:34,359 - perfects - <module> - DEBUG - starting ...
2024-10-24 08:21:34,360 - perfects - find_perfect_numbers_range - DEBUG - Thread-0 processing (1, 100_002)
2024-10-24 08:21:34,360 - perfects - find_perfect_numbers_range - DEBUG - Thread-1 processing (100_003, 200_004)
2024-10-24 08:21:34,361 - perfects - find_perfect_numbers_range - DEBUG - Thread-2 processing (200_005, 300_006)
2024-10-24 08:21:34,361 - perfects - find_perfect_numbers_range - DEBUG - Thread-3 processing (300_007, 400_008)
2024-10-24 08:21:34,361 - perfects - find_perfect_numbers_range - DEBUG - Thread-4 processing (400_009, 500_010)
2024-10-24 08:21:34,361 - perfects - find_perfect_numbers_range - DEBUG - Thread-5 processing (500_011, 600_012)
2024-10-24 08:21:34,361 - perfects - find_perfect_numbers_range - DEBUG - Thread-6 processing (600_013, 700_014)
2024-10-24 08:21:34,361 - perfects - find_perfect_numbers_range - DEBUG - Thread-7 processing (700_015, 800_016)
2024-10-24 08:21:34,362 - perfects - find_perfect_numbers_range - DEBUG - Thread-8 processing (800_017, 900_018)
2024-10-24 08:21:34,362 - perfects - find_perfect_numbers_range - DEBUG - Thread-9 processing (900_019, 1_000_000)
2024-10-24 08:21:35,909 - perfects - find_perfect_numbers - DEBUG - Adding result from Thread-0
2024-10-24 08:21:36,765 - perfects - find_perfect_numbers - DEBUG - Skipping empty result from Thread-1
2024-10-24 08:21:36,884 - perfects - find_perfect_numbers - DEBUG - Skipping empty result from Thread-3
2024-10-24 08:21:37,506 - perfects - find_perfect_numbers - DEBUG - Skipping empty result from Thread-2
2024-10-24 08:21:38,227 - perfects - find_perfect_numbers - DEBUG - Skipping empty result from Thread-5
2024-10-24 08:21:38,309 - perfects - find_perfect_numbers - DEBUG - Skipping empty result from Thread-4
2024-10-24 08:21:38,524 - perfects - find_perfect_numbers - DEBUG - Skipping empty result from Thread-9
2024-10-24 08:21:39,035 - perfects - find_perfect_numbers - DEBUG - Skipping empty result from Thread-7
2024-10-24 08:21:39,050 - perfects - find_perfect_numbers - DEBUG - Skipping empty result from Thread-6
2024-10-24 08:21:39,612 - perfects - find_perfect_numbers - DEBUG - Skipping empty result from Thread-8
2024-10-24 08:21:39,613 - perfects - <module> - INFO - [6, 28, 496, 8128] are perfect numbers in 0:00:05.254062
2024-10-24 08:21:39,613 - perfects - <module> - DEBUG - done.
