
pause for 5 secs to coalesce ...

python3.14 perfects.py -n 1_000_000 -w 10
2024-11-28 10:58:24,589 - perfects - <module> - INFO - [6, 28, 496, 8128] are perfect numbers in 0:00:03.969250

pause for 5 secs to coalesce ...

python3.14 perfects.py -n 1_000_000 -w 10 -v
2024-11-28 10:58:29,632 - perfects - log_exec_ctx - DEBUG - sys.version='3.14.0a1 (main, Oct 18 2024, 00:00:00) [GCC 14.2.1 20240912 (Red Hat 14.2.1-3)]'
2024-11-28 10:58:29,632 - perfects - log_gil_availability - DEBUG - GIL is active
2024-11-28 10:58:29,632 - perfects - log_exec_ctx - DEBUG - AppContext(mode=<ExecutionMode.Processes: 'processes'>, max_n=1000000, num_workers=10, verbose=True)
2024-11-28 10:58:29,632 - perfects - <module> - DEBUG - starting ...
2024-11-28 10:58:29,687 - perfects - find_perfect_numbers_range - DEBUG - Worker-0 processing (1, 100_002)
2024-11-28 10:58:29,694 - perfects - find_perfect_numbers_range - DEBUG - Worker-1 processing (100_003, 200_004)
2024-11-28 10:58:29,700 - perfects - find_perfect_numbers_range - DEBUG - Worker-2 processing (200_005, 300_006)
2024-11-28 10:58:29,700 - perfects - find_perfect_numbers_range - DEBUG - Worker-3 processing (300_007, 400_008)
2024-11-28 10:58:29,701 - perfects - find_perfect_numbers_range - DEBUG - Worker-4 processing (400_009, 500_010)
2024-11-28 10:58:29,702 - perfects - find_perfect_numbers_range - DEBUG - Worker-5 processing (500_011, 600_012)
2024-11-28 10:58:29,702 - perfects - find_perfect_numbers_range - DEBUG - Worker-6 processing (600_013, 700_014)
2024-11-28 10:58:29,704 - perfects - find_perfect_numbers_range - DEBUG - Worker-7 processing (700_015, 800_016)
2024-11-28 10:58:29,706 - perfects - find_perfect_numbers_range - DEBUG - Worker-8 processing (800_017, 900_018)
2024-11-28 10:58:29,711 - perfects - find_perfect_numbers_range - DEBUG - Worker-9 processing (900_019, 1_000_000)
2024-11-28 10:58:30,309 - perfects - find_perfect_numbers - DEBUG - Adding result from Worker-0
2024-11-28 10:58:30,798 - perfects - find_perfect_numbers - DEBUG - Skipping empty result from Worker-1
2024-11-28 10:58:31,651 - perfects - find_perfect_numbers - DEBUG - Skipping empty result from Worker-3
2024-11-28 10:58:31,944 - perfects - find_perfect_numbers - DEBUG - Skipping empty result from Worker-2
2024-11-28 10:58:32,163 - perfects - find_perfect_numbers - DEBUG - Skipping empty result from Worker-4
2024-11-28 10:58:32,399 - perfects - find_perfect_numbers - DEBUG - Skipping empty result from Worker-6
2024-11-28 10:58:32,403 - perfects - find_perfect_numbers - DEBUG - Skipping empty result from Worker-5
2024-11-28 10:58:33,209 - perfects - find_perfect_numbers - DEBUG - Skipping empty result from Worker-7
2024-11-28 10:58:33,453 - perfects - find_perfect_numbers - DEBUG - Skipping empty result from Worker-8
2024-11-28 10:58:33,523 - perfects - find_perfect_numbers - DEBUG - Skipping empty result from Worker-9
2024-11-28 10:58:33,555 - perfects - <module> - INFO - [6, 28, 496, 8128] are perfect numbers in 0:00:03.922897
2024-11-28 10:58:33,555 - perfects - <module> - DEBUG - done.

pause for 5 secs to coalesce ...

python3.14 perfects.py -n 1_000_000 -w 10 -p
2024-11-28 10:58:42,175 - perfects - <module> - INFO - [6, 28, 496, 8128] are perfect numbers in 0:00:03.577016

pause for 5 secs to coalesce ...

python3.14 perfects.py -n 1_000_000 -w 10 -v -p
2024-11-28 10:58:47,219 - perfects - log_exec_ctx - DEBUG - sys.version='3.14.0a1 (main, Oct 18 2024, 00:00:00) [GCC 14.2.1 20240912 (Red Hat 14.2.1-3)]'
2024-11-28 10:58:47,219 - perfects - log_gil_availability - DEBUG - GIL is active
2024-11-28 10:58:47,219 - perfects - log_exec_ctx - DEBUG - AppContext(mode=<ExecutionMode.Processes: 'processes'>, max_n=1000000, num_workers=10, verbose=True)
2024-11-28 10:58:47,219 - perfects - <module> - DEBUG - starting ...
2024-11-28 10:58:47,280 - perfects - find_perfect_numbers_range - DEBUG - Worker-0 processing (1, 100_002)
2024-11-28 10:58:47,280 - perfects - find_perfect_numbers_range - DEBUG - Worker-1 processing (100_003, 200_004)
2024-11-28 10:58:47,282 - perfects - find_perfect_numbers_range - DEBUG - Worker-2 processing (200_005, 300_006)
2024-11-28 10:58:47,288 - perfects - find_perfect_numbers_range - DEBUG - Worker-3 processing (300_007, 400_008)
2024-11-28 10:58:47,288 - perfects - find_perfect_numbers_range - DEBUG - Worker-4 processing (400_009, 500_010)
2024-11-28 10:58:47,290 - perfects - find_perfect_numbers_range - DEBUG - Worker-5 processing (500_011, 600_012)
2024-11-28 10:58:47,290 - perfects - find_perfect_numbers_range - DEBUG - Worker-6 processing (600_013, 700_014)
2024-11-28 10:58:47,291 - perfects - find_perfect_numbers_range - DEBUG - Worker-7 processing (700_015, 800_016)
2024-11-28 10:58:47,296 - perfects - find_perfect_numbers_range - DEBUG - Worker-8 processing (800_017, 900_018)
2024-11-28 10:58:47,297 - perfects - find_perfect_numbers_range - DEBUG - Worker-9 processing (900_019, 1_000_000)
2024-11-28 10:58:47,912 - perfects - find_perfect_numbers - DEBUG - Adding result from Worker-0
2024-11-28 10:58:48,772 - perfects - find_perfect_numbers - DEBUG - Skipping empty result from Worker-2
2024-11-28 10:58:49,021 - perfects - find_perfect_numbers - DEBUG - Skipping empty result from Worker-1
2024-11-28 10:58:49,496 - perfects - find_perfect_numbers - DEBUG - Skipping empty result from Worker-5
2024-11-28 10:58:49,883 - perfects - find_perfect_numbers - DEBUG - Skipping empty result from Worker-3
2024-11-28 10:58:50,459 - perfects - find_perfect_numbers - DEBUG - Skipping empty result from Worker-6
2024-11-28 10:58:50,532 - perfects - find_perfect_numbers - DEBUG - Skipping empty result from Worker-7
2024-11-28 10:58:50,669 - perfects - find_perfect_numbers - DEBUG - Skipping empty result from Worker-4
2024-11-28 10:58:50,671 - perfects - find_perfect_numbers - DEBUG - Skipping empty result from Worker-9
2024-11-28 10:58:51,082 - perfects - find_perfect_numbers - DEBUG - Skipping empty result from Worker-8
2024-11-28 10:58:51,115 - perfects - <module> - INFO - [6, 28, 496, 8128] are perfect numbers in 0:00:03.895499
2024-11-28 10:58:51,115 - perfects - <module> - DEBUG - done.

pause for 5 secs to coalesce ...

python3.14 perfects.py -n 1_000_000 -w 10 -s
2024-11-28 10:59:13,983 - perfects - <module> - INFO - [6, 28, 496, 8128] are perfect numbers in 0:00:17.827239

pause for 5 secs to coalesce ...

python3.14 perfects.py -n 1_000_000 -w 10 -v -s
2024-11-28 10:59:19,024 - perfects - log_exec_ctx - DEBUG - sys.version='3.14.0a1 (main, Oct 18 2024, 00:00:00) [GCC 14.2.1 20240912 (Red Hat 14.2.1-3)]'
2024-11-28 10:59:19,024 - perfects - log_gil_availability - DEBUG - GIL is active
2024-11-28 10:59:19,024 - perfects - log_exec_ctx - DEBUG - AppContext(mode=<ExecutionMode.Single: 'single'>, max_n=1000000, num_workers=10, verbose=True)
2024-11-28 10:59:19,024 - perfects - <module> - DEBUG - starting ...
2024-11-28 10:59:19,024 - perfects - find_perfect_numbers_range - DEBUG -  processing (1, 1_000_000)
2024-11-28 10:59:36,886 - perfects - <module> - INFO - [6, 28, 496, 8128] are perfect numbers in 0:00:17.862256
2024-11-28 10:59:36,886 - perfects - <module> - DEBUG - done.

pause for 5 secs to coalesce ...

python3.14 perfects.py -n 1_000_000 -w 10 -t
2024-11-28 11:00:00,747 - perfects - <module> - INFO - [6, 28, 496, 8128] are perfect numbers in 0:00:18.820234

pause for 5 secs to coalesce ...

python3.14 perfects.py -n 1_000_000 -w 10 -v -t
2024-11-28 11:00:05,788 - perfects - log_exec_ctx - DEBUG - sys.version='3.14.0a1 (main, Oct 18 2024, 00:00:00) [GCC 14.2.1 20240912 (Red Hat 14.2.1-3)]'
2024-11-28 11:00:05,788 - perfects - log_gil_availability - DEBUG - GIL is active
2024-11-28 11:00:05,788 - perfects - log_exec_ctx - DEBUG - AppContext(mode=<ExecutionMode.Threads: 'threads'>, max_n=1000000, num_workers=10, verbose=True)
2024-11-28 11:00:05,788 - perfects - <module> - DEBUG - starting ...
2024-11-28 11:00:05,789 - perfects - find_perfect_numbers_range - DEBUG - Thread-0 processing (1, 100_002)
2024-11-28 11:00:05,789 - perfects - find_perfect_numbers_range - DEBUG - Thread-1 processing (100_003, 200_004)
2024-11-28 11:00:05,789 - perfects - find_perfect_numbers_range - DEBUG - Thread-2 processing (200_005, 300_006)
2024-11-28 11:00:05,789 - perfects - find_perfect_numbers_range - DEBUG - Thread-3 processing (300_007, 400_008)
2024-11-28 11:00:05,789 - perfects - find_perfect_numbers_range - DEBUG - Thread-4 processing (400_009, 500_010)
2024-11-28 11:00:05,789 - perfects - find_perfect_numbers_range - DEBUG - Thread-5 processing (500_011, 600_012)
2024-11-28 11:00:05,815 - perfects - find_perfect_numbers_range - DEBUG - Thread-6 processing (600_013, 700_014)
2024-11-28 11:00:05,815 - perfects - find_perfect_numbers_range - DEBUG - Thread-7 processing (700_015, 800_016)
2024-11-28 11:00:05,831 - perfects - find_perfect_numbers_range - DEBUG - Thread-8 processing (800_017, 900_018)
2024-11-28 11:00:05,857 - perfects - find_perfect_numbers_range - DEBUG - Thread-9 processing (900_019, 1_000_000)
2024-11-28 11:00:12,377 - perfects - find_perfect_numbers - DEBUG - Adding result from Thread-0
2024-11-28 11:00:15,561 - perfects - find_perfect_numbers - DEBUG - Skipping empty result from Thread-1
2024-11-28 11:00:17,510 - perfects - find_perfect_numbers - DEBUG - Skipping empty result from Thread-2
2024-11-28 11:00:20,575 - perfects - find_perfect_numbers - DEBUG - Skipping empty result from Thread-3
2024-11-28 11:00:20,962 - perfects - find_perfect_numbers - DEBUG - Skipping empty result from Thread-4
2024-11-28 11:00:22,638 - perfects - find_perfect_numbers - DEBUG - Skipping empty result from Thread-6
2024-11-28 11:00:22,854 - perfects - find_perfect_numbers - DEBUG - Skipping empty result from Thread-7
2024-11-28 11:00:23,469 - perfects - find_perfect_numbers - DEBUG - Skipping empty result from Thread-5
2024-11-28 11:00:24,335 - perfects - find_perfect_numbers - DEBUG - Skipping empty result from Thread-8
2024-11-28 11:00:24,372 - perfects - find_perfect_numbers - DEBUG - Skipping empty result from Thread-9
2024-11-28 11:00:24,373 - perfects - <module> - INFO - [6, 28, 496, 8128] are perfect numbers in 0:00:18.585108
2024-11-28 11:00:24,373 - perfects - <module> - DEBUG - done.

pause for 5 secs to coalesce ...

python3.14t perfects.py -n 1_000_000 -w 10
2024-11-28 11:00:34,558 - perfects - <module> - INFO - [6, 28, 496, 8128] are perfect numbers in 0:00:05.133041

pause for 5 secs to coalesce ...

python3.14t perfects.py -n 1_000_000 -w 10 -v
2024-11-28 11:00:39,613 - perfects - log_exec_ctx - DEBUG - sys.version='3.14.0a1 experimental free-threading build (main, Oct 18 2024, 00:00:00) [GCC 14.2.1 20240912 (Red Hat 14.2.1-3)]'
2024-11-28 11:00:39,613 - perfects - log_gil_availability - DEBUG - GIL is disabled
2024-11-28 11:00:39,613 - perfects - log_exec_ctx - DEBUG - AppContext(mode=<ExecutionMode.Threads: 'threads'>, max_n=1000000, num_workers=10, verbose=True)
2024-11-28 11:00:39,613 - perfects - <module> - DEBUG - starting ...
2024-11-28 11:00:39,614 - perfects - find_perfect_numbers_range - DEBUG - Thread-0 processing (1, 100_002)
2024-11-28 11:00:39,614 - perfects - find_perfect_numbers_range - DEBUG - Thread-1 processing (100_003, 200_004)
2024-11-28 11:00:39,615 - perfects - find_perfect_numbers_range - DEBUG - Thread-2 processing (200_005, 300_006)
2024-11-28 11:00:39,615 - perfects - find_perfect_numbers_range - DEBUG - Thread-3 processing (300_007, 400_008)
2024-11-28 11:00:39,615 - perfects - find_perfect_numbers_range - DEBUG - Thread-4 processing (400_009, 500_010)
2024-11-28 11:00:39,615 - perfects - find_perfect_numbers_range - DEBUG - Thread-5 processing (500_011, 600_012)
2024-11-28 11:00:39,615 - perfects - find_perfect_numbers_range - DEBUG - Thread-6 processing (600_013, 700_014)
2024-11-28 11:00:39,616 - perfects - find_perfect_numbers_range - DEBUG - Thread-7 processing (700_015, 800_016)
2024-11-28 11:00:39,616 - perfects - find_perfect_numbers_range - DEBUG - Thread-8 processing (800_017, 900_018)
2024-11-28 11:00:39,616 - perfects - find_perfect_numbers_range - DEBUG - Thread-9 processing (900_019, 1_000_000)
2024-11-28 11:00:41,286 - perfects - find_perfect_numbers - DEBUG - Adding result from Thread-0
2024-11-28 11:00:42,213 - perfects - find_perfect_numbers - DEBUG - Skipping empty result from Thread-1
2024-11-28 11:00:42,822 - perfects - find_perfect_numbers - DEBUG - Skipping empty result from Thread-2
2024-11-28 11:00:42,850 - perfects - find_perfect_numbers - DEBUG - Skipping empty result from Thread-5
2024-11-28 11:00:43,590 - perfects - find_perfect_numbers - DEBUG - Skipping empty result from Thread-3
2024-11-28 11:00:43,595 - perfects - find_perfect_numbers - DEBUG - Skipping empty result from Thread-8
2024-11-28 11:00:43,906 - perfects - find_perfect_numbers - DEBUG - Skipping empty result from Thread-4
2024-11-28 11:00:44,046 - perfects - find_perfect_numbers - DEBUG - Skipping empty result from Thread-7
2024-11-28 11:00:44,381 - perfects - find_perfect_numbers - DEBUG - Skipping empty result from Thread-6
2024-11-28 11:00:44,866 - perfects - find_perfect_numbers - DEBUG - Skipping empty result from Thread-9
2024-11-28 11:00:44,868 - perfects - <module> - INFO - [6, 28, 496, 8128] are perfect numbers in 0:00:05.254351
2024-11-28 11:00:44,868 - perfects - <module> - DEBUG - done.

pause for 5 secs to coalesce ...

python3.14t perfects.py -n 1_000_000 -w 10 -p
2024-11-28 11:00:55,165 - perfects - <module> - INFO - [6, 28, 496, 8128] are perfect numbers in 0:00:05.242857

pause for 5 secs to coalesce ...

python3.14t perfects.py -n 1_000_000 -w 10 -v -p
2024-11-28 11:01:00,221 - perfects - log_exec_ctx - DEBUG - sys.version='3.14.0a1 experimental free-threading build (main, Oct 18 2024, 00:00:00) [GCC 14.2.1 20240912 (Red Hat 14.2.1-3)]'
2024-11-28 11:01:00,221 - perfects - log_gil_availability - DEBUG - GIL is disabled
2024-11-28 11:01:00,221 - perfects - log_exec_ctx - DEBUG - AppContext(mode=<ExecutionMode.Processes: 'processes'>, max_n=1000000, num_workers=10, verbose=True)
2024-11-28 11:01:00,221 - perfects - <module> - DEBUG - starting ...
2024-11-28 11:01:00,305 - perfects - find_perfect_numbers_range - DEBUG - Worker-0 processing (1, 100_002)
2024-11-28 11:01:00,314 - perfects - find_perfect_numbers_range - DEBUG - Worker-1 processing (100_003, 200_004)
2024-11-28 11:01:00,331 - perfects - find_perfect_numbers_range - DEBUG - Worker-2 processing (200_005, 300_006)
2024-11-28 11:01:00,331 - perfects - find_perfect_numbers_range - DEBUG - Worker-3 processing (300_007, 400_008)
2024-11-28 11:01:00,333 - perfects - find_perfect_numbers_range - DEBUG - Worker-4 processing (400_009, 500_010)
2024-11-28 11:01:00,333 - perfects - find_perfect_numbers_range - DEBUG - Worker-5 processing (500_011, 600_012)
2024-11-28 11:01:00,333 - perfects - find_perfect_numbers_range - DEBUG - Worker-6 processing (600_013, 700_014)
2024-11-28 11:01:00,334 - perfects - find_perfect_numbers_range - DEBUG - Worker-7 processing (700_015, 800_016)
2024-11-28 11:01:00,334 - perfects - find_perfect_numbers_range - DEBUG - Worker-8 processing (800_017, 900_018)
2024-11-28 11:01:00,334 - perfects - find_perfect_numbers_range - DEBUG - Worker-9 processing (900_019, 1_000_000)
2024-11-28 11:01:01,313 - perfects - find_perfect_numbers - DEBUG - Adding result from Worker-0
2024-11-28 11:01:02,528 - perfects - find_perfect_numbers - DEBUG - Skipping empty result from Worker-1
2024-11-28 11:01:03,510 - perfects - find_perfect_numbers - DEBUG - Skipping empty result from Worker-2
2024-11-28 11:01:04,461 - perfects - find_perfect_numbers - DEBUG - Skipping empty result from Worker-3
2024-11-28 11:01:04,660 - perfects - find_perfect_numbers - DEBUG - Skipping empty result from Worker-6
2024-11-28 11:01:04,678 - perfects - find_perfect_numbers - DEBUG - Skipping empty result from Worker-7
2024-11-28 11:01:04,777 - perfects - find_perfect_numbers - DEBUG - Skipping empty result from Worker-4
2024-11-28 11:01:05,183 - perfects - find_perfect_numbers - DEBUG - Skipping empty result from Worker-5
2024-11-28 11:01:05,579 - perfects - find_perfect_numbers - DEBUG - Skipping empty result from Worker-8
2024-11-28 11:01:06,162 - perfects - find_perfect_numbers - DEBUG - Skipping empty result from Worker-9
2024-11-28 11:01:06,204 - perfects - <module> - INFO - [6, 28, 496, 8128] are perfect numbers in 0:00:05.983344
2024-11-28 11:01:06,204 - perfects - <module> - DEBUG - done.

pause for 5 secs to coalesce ...

python3.14t perfects.py -n 1_000_000 -w 10 -s
2024-11-28 11:01:36,558 - perfects - <module> - INFO - [6, 28, 496, 8128] are perfect numbers in 0:00:25.297062

pause for 5 secs to coalesce ...

python3.14t perfects.py -n 1_000_000 -w 10 -v -s
2024-11-28 11:01:41,612 - perfects - log_exec_ctx - DEBUG - sys.version='3.14.0a1 experimental free-threading build (main, Oct 18 2024, 00:00:00) [GCC 14.2.1 20240912 (Red Hat 14.2.1-3)]'
2024-11-28 11:01:41,612 - perfects - log_gil_availability - DEBUG - GIL is disabled
2024-11-28 11:01:41,612 - perfects - log_exec_ctx - DEBUG - AppContext(mode=<ExecutionMode.Single: 'single'>, max_n=1000000, num_workers=10, verbose=True)
2024-11-28 11:01:41,612 - perfects - <module> - DEBUG - starting ...
2024-11-28 11:01:41,612 - perfects - find_perfect_numbers_range - DEBUG -  processing (1, 1_000_000)
2024-11-28 11:02:07,518 - perfects - <module> - INFO - [6, 28, 496, 8128] are perfect numbers in 0:00:25.906025
2024-11-28 11:02:07,518 - perfects - <module> - DEBUG - done.

pause for 5 secs to coalesce ...

python3.14t perfects.py -n 1_000_000 -w 10 -t
2024-11-28 11:02:17,828 - perfects - <module> - INFO - [6, 28, 496, 8128] are perfect numbers in 0:00:05.257499

pause for 5 secs to coalesce ...

python3.14t perfects.py -n 1_000_000 -w 10 -v -t
2024-11-28 11:02:22,881 - perfects - log_exec_ctx - DEBUG - sys.version='3.14.0a1 experimental free-threading build (main, Oct 18 2024, 00:00:00) [GCC 14.2.1 20240912 (Red Hat 14.2.1-3)]'
2024-11-28 11:02:22,881 - perfects - log_gil_availability - DEBUG - GIL is disabled
2024-11-28 11:02:22,881 - perfects - log_exec_ctx - DEBUG - AppContext(mode=<ExecutionMode.Threads: 'threads'>, max_n=1000000, num_workers=10, verbose=True)
2024-11-28 11:02:22,881 - perfects - <module> - DEBUG - starting ...
2024-11-28 11:02:22,883 - perfects - find_perfect_numbers_range - DEBUG - Thread-0 processing (1, 100_002)
2024-11-28 11:02:22,883 - perfects - find_perfect_numbers_range - DEBUG - Thread-1 processing (100_003, 200_004)
2024-11-28 11:02:22,883 - perfects - find_perfect_numbers_range - DEBUG - Thread-2 processing (200_005, 300_006)
2024-11-28 11:02:22,883 - perfects - find_perfect_numbers_range - DEBUG - Thread-3 processing (300_007, 400_008)
2024-11-28 11:02:22,883 - perfects - find_perfect_numbers_range - DEBUG - Thread-4 processing (400_009, 500_010)
2024-11-28 11:02:22,883 - perfects - find_perfect_numbers_range - DEBUG - Thread-5 processing (500_011, 600_012)
2024-11-28 11:02:22,884 - perfects - find_perfect_numbers_range - DEBUG - Thread-6 processing (600_013, 700_014)
2024-11-28 11:02:22,884 - perfects - find_perfect_numbers_range - DEBUG - Thread-7 processing (700_015, 800_016)
2024-11-28 11:02:22,884 - perfects - find_perfect_numbers_range - DEBUG - Thread-8 processing (800_017, 900_018)
2024-11-28 11:02:22,884 - perfects - find_perfect_numbers_range - DEBUG - Thread-9 processing (900_019, 1_000_000)
2024-11-28 11:02:24,544 - perfects - find_perfect_numbers - DEBUG - Adding result from Thread-0
2024-11-28 11:02:25,419 - perfects - find_perfect_numbers - DEBUG - Skipping empty result from Thread-1
2024-11-28 11:02:25,676 - perfects - find_perfect_numbers - DEBUG - Skipping empty result from Thread-4
2024-11-28 11:02:26,183 - perfects - find_perfect_numbers - DEBUG - Skipping empty result from Thread-2
2024-11-28 11:02:26,747 - perfects - find_perfect_numbers - DEBUG - Skipping empty result from Thread-8
2024-11-28 11:02:26,919 - perfects - find_perfect_numbers - DEBUG - Skipping empty result from Thread-3
2024-11-28 11:02:26,983 - perfects - find_perfect_numbers - DEBUG - Skipping empty result from Thread-5
2024-11-28 11:02:27,574 - perfects - find_perfect_numbers - DEBUG - Skipping empty result from Thread-7
2024-11-28 11:02:27,683 - perfects - find_perfect_numbers - DEBUG - Skipping empty result from Thread-9
2024-11-28 11:02:27,733 - perfects - find_perfect_numbers - DEBUG - Skipping empty result from Thread-6
2024-11-28 11:02:27,734 - perfects - <module> - INFO - [6, 28, 496, 8128] are perfect numbers in 0:00:04.852546
2024-11-28 11:02:27,734 - perfects - <module> - DEBUG - done.
